16:32:58.252 [main] INFO  testCases.TC_001_AccountRegistrationTest - Started TC_001_AccountRegistrationTest
16:33:00.128 [main] INFO  testCases.TC_001_AccountRegistrationTest - Started registration
16:33:04.051 [main] INFO  testCases.TC_001_AccountRegistrationTest - confirming message
16:33:04.055 [main] INFO  testCases.TC_001_AccountRegistrationTest - Finished TC_001_AccountRegistrationTest
16:41:29.085 [main] INFO  testCases.TC_001_AccountRegistrationTest - Started TC_001_AccountRegistrationTest
16:41:30.895 [main] INFO  testCases.TC_001_AccountRegistrationTest - Started registration
16:41:35.180 [main] INFO  testCases.TC_001_AccountRegistrationTest - confirming message
16:41:35.184 [main] INFO  testCases.TC_001_AccountRegistrationTest - Finished TC_001_AccountRegistrationTest
16:43:17.773 [main] INFO  testCases.TC_001_AccountRegistrationTest - Started TC_001_AccountRegistrationTest
16:43:19.170 [main] INFO  testCases.TC_001_AccountRegistrationTest - Started registration
16:43:22.920 [main] INFO  testCases.TC_001_AccountRegistrationTest - confirming message
16:43:22.923 [main] INFO  testCases.TC_001_AccountRegistrationTest - Finished TC_001_AccountRegistrationTest
16:43:33.994 [main] INFO  testCases.TC_001_AccountRegistrationTest - Started TC_001_AccountRegistrationTest
16:43:36.280 [main] INFO  testCases.TC_001_AccountRegistrationTest - Started registration
16:43:40.892 [main] INFO  testCases.TC_001_AccountRegistrationTest - confirming message
16:43:40.892 [main] INFO  testCases.TC_001_AccountRegistrationTest - Finished TC_001_AccountRegistrationTest
16:45:41.464 [TestNG-tests-1] INFO  testCases.TC_001_AccountRegistrationTest - Started TC_001_AccountRegistrationTest
16:45:43.352 [TestNG-tests-1] INFO  testCases.TC_001_AccountRegistrationTest - Started registration
16:45:44.678 [TestNG-tests-2] INFO  testCases.TC_001_AccountRegistrationTest - Started TC_001_AccountRegistrationTest
16:45:46.637 [TestNG-tests-2] INFO  testCases.TC_001_AccountRegistrationTest - Started registration
16:45:48.786 [TestNG-tests-1] INFO  testCases.TC_001_AccountRegistrationTest - confirming message
16:45:48.791 [TestNG-tests-1] INFO  testCases.TC_001_AccountRegistrationTest - Finished TC_001_AccountRegistrationTest
16:45:51.085 [TestNG-tests-2] INFO  testCases.TC_001_AccountRegistrationTest - confirming message
16:45:51.086 [TestNG-tests-2] INFO  testCases.TC_001_AccountRegistrationTest - Finished TC_001_AccountRegistrationTest
17:09:19.566 [main] INFO  testCases.TC_001_AccountRegistrationTest - Started TC_001_AccountRegistrationTest
17:09:21.152 [main] INFO  testCases.TC_001_AccountRegistrationTest - Started registration
17:09:25.696 [main] INFO  testCases.TC_001_AccountRegistrationTest - confirming message
17:09:25.700 [main] INFO  testCases.TC_001_AccountRegistrationTest - Finished TC_001_AccountRegistrationTest
17:11:38.798 [main] INFO  testCases.TC_001_AccountRegistrationTest - Started TC_001_AccountRegistrationTest
17:11:40.748 [main] INFO  testCases.TC_001_AccountRegistrationTest - Started registration
17:11:45.128 [main] INFO  testCases.TC_001_AccountRegistrationTest - confirming message
17:11:45.132 [main] INFO  testCases.TC_001_AccountRegistrationTest - Finished TC_001_AccountRegistrationTest
17:19:38.624 [main] INFO  testCases.TC_001_AccountRegistrationTest - Started TC_001_AccountRegistrationTest
17:19:40.544 [main] INFO  testCases.TC_001_AccountRegistrationTest - Started registration
17:19:44.360 [main] INFO  testCases.TC_001_AccountRegistrationTest - confirming message
17:19:44.364 [main] INFO  testCases.TC_001_AccountRegistrationTest - Finished TC_001_AccountRegistrationTest
17:22:24.524 [main] INFO  testCases.TC_001_AccountRegistrationTest - Started TC_001_AccountRegistrationTest
17:22:26.262 [main] INFO  testCases.TC_001_AccountRegistrationTest - Started registration
17:22:30.152 [main] INFO  testCases.TC_001_AccountRegistrationTest - confirming message
17:22:30.161 [main] INFO  testCases.TC_001_AccountRegistrationTest - Finished TC_001_AccountRegistrationTest
17:23:14.289 [main] INFO  testCases.TC_001_AccountRegistrationTest - Started TC_001_AccountRegistrationTest
17:23:15.964 [main] INFO  testCases.TC_001_AccountRegistrationTest - Started registration
17:23:27.733 [main] INFO  testCases.TC_001_AccountRegistrationTest - confirming message
17:27:11.773 [main] INFO  testCases.TC_001_AccountRegistrationTest - Started TC_001_AccountRegistrationTest
17:27:13.678 [main] INFO  testCases.TC_001_AccountRegistrationTest - Started registration
17:27:25.976 [main] INFO  testCases.TC_001_AccountRegistrationTest - confirming message
17:31:37.732 [main] INFO  testCases.TC_001_AccountRegistrationTest - Started TC_001_AccountRegistrationTest
17:31:39.564 [main] INFO  testCases.TC_001_AccountRegistrationTest - Started registration
17:31:44.661 [main] INFO  testCases.TC_001_AccountRegistrationTest - confirming message
17:31:44.666 [main] INFO  testCases.TC_001_AccountRegistrationTest - Finished TC_001_AccountRegistrationTest
18:04:04.578 [main] INFO  testCases.TC_001_AccountRegistrationTest - Started TC_001_AccountRegistrationTest
18:04:06.612 [main] INFO  testCases.TC_001_AccountRegistrationTest - Started registration
18:04:10.754 [main] INFO  testCases.TC_001_AccountRegistrationTest - confirming message
18:04:10.758 [main] INFO  testCases.TC_001_AccountRegistrationTest - Finished TC_001_AccountRegistrationTest
18:04:17.194 [main] INFO  testCases.TC_002_LoginTest - Started TC_002_LoginTest
18:04:50.339 [main] INFO  testCases.TC_001_AccountRegistrationTest - Started TC_001_AccountRegistrationTest
18:04:52.204 [main] INFO  testCases.TC_001_AccountRegistrationTest - Started registration
18:04:56.609 [main] INFO  testCases.TC_001_AccountRegistrationTest - confirming message
18:04:56.614 [main] INFO  testCases.TC_001_AccountRegistrationTest - Finished TC_001_AccountRegistrationTest
18:05:04.727 [main] INFO  testCases.TC_002_LoginTest - Started TC_002_LoginTest
10:05:04.619 [main] INFO  testCases.TC_003_LoginDataDrivenTest - Started TC_003_LoginDataDrivenTest
10:05:15.250 [main] INFO  testCases.TC_003_LoginDataDrivenTest - Started TC_003_LoginDataDrivenTest
10:05:15.285 [main] INFO  testCases.TC_003_LoginDataDrivenTest - Started TC_003_LoginDataDrivenTest
10:05:15.309 [main] INFO  testCases.TC_003_LoginDataDrivenTest - Started TC_003_LoginDataDrivenTest
10:05:15.334 [main] INFO  testCases.TC_003_LoginDataDrivenTest - Started TC_003_LoginDataDrivenTest
10:06:07.955 [main] INFO  testCases.TC_003_LoginDataDrivenTest - Started TC_003_LoginDataDrivenTest
10:06:12.998 [main] INFO  testCases.TC_003_LoginDataDrivenTest - Started TC_003_LoginDataDrivenTest
10:06:25.782 [main] INFO  testCases.TC_003_LoginDataDrivenTest - Started TC_003_LoginDataDrivenTest
10:06:37.703 [main] INFO  testCases.TC_003_LoginDataDrivenTest - Started TC_003_LoginDataDrivenTest
10:06:49.429 [main] INFO  testCases.TC_003_LoginDataDrivenTest - Started TC_003_LoginDataDrivenTest
11:30:18.826 [main] INFO  testCases.TC_001_AccountRegistrationTest - Started TC_001_AccountRegistrationTest
11:30:22.769 [main] INFO  testCases.TC_001_AccountRegistrationTest - Started registration
11:30:27.959 [main] INFO  testCases.TC_001_AccountRegistrationTest - confirming message
11:30:27.963 [main] INFO  testCases.TC_001_AccountRegistrationTest - Finished TC_001_AccountRegistrationTest
11:30:38.034 [main] INFO  testCases.TC_002_LoginTest - Started TC_002_LoginTest
11:30:41.734 [main] INFO  testCases.TC_002_LoginTest - Started TC_002_LoginTest
11:31:21.705 [main] INFO  testCases.TC_001_AccountRegistrationTest - Started TC_001_AccountRegistrationTest
11:31:24.204 [main] INFO  testCases.TC_001_AccountRegistrationTest - Started registration
11:31:29.331 [main] INFO  testCases.TC_001_AccountRegistrationTest - confirming message
11:31:29.336 [main] INFO  testCases.TC_001_AccountRegistrationTest - Finished TC_001_AccountRegistrationTest
16:37:27.396 [main] INFO  testCases.TC_001_AccountRegistrationTest - Started TC_001_AccountRegistrationTest
16:37:30.918 [main] INFO  testCases.TC_001_AccountRegistrationTest - Started registration
16:37:35.898 [main] INFO  testCases.TC_001_AccountRegistrationTest - confirming message
16:37:35.905 [main] INFO  testCases.TC_001_AccountRegistrationTest - Finished TC_001_AccountRegistrationTest
16:37:43.805 [main] INFO  testCases.TC_002_LoginTest - Started TC_002_LoginTest
16:37:46.554 [main] INFO  testCases.TC_002_LoginTest - Started TC_002_LoginTest
16:38:23.691 [main] INFO  testCases.TC_001_AccountRegistrationTest - Started TC_001_AccountRegistrationTest
16:38:25.195 [main] INFO  testCases.TC_001_AccountRegistrationTest - Started registration
16:38:29.655 [main] INFO  testCases.TC_001_AccountRegistrationTest - confirming message
16:38:29.659 [main] INFO  testCases.TC_001_AccountRegistrationTest - Finished TC_001_AccountRegistrationTest
16:38:37.298 [main] INFO  testCases.TC_002_LoginTest - Started TC_002_LoginTest
16:38:40.257 [main] INFO  testCases.TC_002_LoginTest - Started TC_002_LoginTest
16:39:55.917 [main] INFO  testCases.TC_001_AccountRegistrationTest - Started TC_001_AccountRegistrationTest
16:39:57.344 [main] INFO  testCases.TC_001_AccountRegistrationTest - Started registration
16:40:01.799 [main] INFO  testCases.TC_001_AccountRegistrationTest - confirming message
16:40:01.803 [main] INFO  testCases.TC_001_AccountRegistrationTest - Finished TC_001_AccountRegistrationTest
16:45:40.864 [main] INFO  testCases.TC_001_AccountRegistrationTest - Started TC_001_AccountRegistrationTest
16:45:42.785 [main] INFO  testCases.TC_001_AccountRegistrationTest - Started registration
16:45:47.100 [main] INFO  testCases.TC_001_AccountRegistrationTest - confirming message
16:45:47.104 [main] INFO  testCases.TC_001_AccountRegistrationTest - Finished TC_001_AccountRegistrationTest
16:45:58.527 [main] INFO  testCases.TC_002_LoginTest - Started TC_002_LoginTest
16:46:02.358 [main] INFO  testCases.TC_002_LoginTest - Started TC_002_LoginTest
16:50:30.100 [main] INFO  testCases.TC_001_AccountRegistrationTest - Started TC_001_AccountRegistrationTest
16:50:31.750 [main] INFO  testCases.TC_001_AccountRegistrationTest - Started registration
16:50:44.076 [main] INFO  testCases.TC_001_AccountRegistrationTest - confirming message
16:50:53.723 [main] INFO  testCases.TC_002_LoginTest - Started TC_002_LoginTest
16:53:02.656 [main] INFO  testCases.TC_001_AccountRegistrationTest - Started TC_001_AccountRegistrationTest
16:53:04.367 [main] INFO  testCases.TC_001_AccountRegistrationTest - Started registration
16:53:08.746 [main] INFO  testCases.TC_001_AccountRegistrationTest - confirming message
16:53:08.752 [main] INFO  testCases.TC_001_AccountRegistrationTest - Finished TC_001_AccountRegistrationTest
16:53:17.954 [main] INFO  testCases.TC_002_LoginTest - Started TC_002_LoginTest
16:53:21.162 [main] INFO  testCases.TC_002_LoginTest - Started TC_002_LoginTest
19:16:50.848 [main] INFO  testCases.TC_004_SearchProductTest - Started TC_004_SearchProductTest
19:20:56.558 [main] INFO  testCases.TC_004_SearchProductTest - Started TC_004_SearchProductTest
19:22:02.876 [main] INFO  testCases.TC_004_SearchProductTest - Started TC_004_SearchProductTest
21:19:23.591 [main] INFO  testCases.TC_005_AddToCartPageTest - Started TC_005_AddToCartPageTest
21:19:32.672 [main] INFO  testCases.TC_005_AddToCartPageTest - Failed TC_005_AddToCartPageTest
